{"G:\\Projects\\jvjv-media-manager\\src\\renderer\\utils\\format.ts": {"path":"G:\\Projects\\jvjv-media-manager\\src\\renderer\\utils\\format.ts","statementMap":{"0":{"start":{"line":1,"column":26},"end":{"line":7,"column":null}},"1":{"start":{"line":2,"column":2},"end":{"line":2,"column":null}},"2":{"start":{"line":2,"column":19},"end":{"line":2,"column":null}},"3":{"start":{"line":3,"column":12},"end":{"line":3,"column":null}},"4":{"start":{"line":4,"column":16},"end":{"line":4,"column":null}},"5":{"start":{"line":5,"column":12},"end":{"line":5,"column":null}},"6":{"start":{"line":6,"column":2},"end":{"line":6,"column":null}},"7":{"start":{"line":9,"column":30},"end":{"line":14,"column":null}},"8":{"start":{"line":10,"column":2},"end":{"line":10,"column":null}},"9":{"start":{"line":10,"column":16},"end":{"line":10,"column":null}},"10":{"start":{"line":11,"column":15},"end":{"line":11,"column":null}},"11":{"start":{"line":12,"column":15},"end":{"line":12,"column":null}},"12":{"start":{"line":13,"column":2},"end":{"line":13,"column":null}},"13":{"start":{"line":16,"column":36},"end":{"line":21,"column":null}},"14":{"start":{"line":17,"column":15},"end":{"line":17,"column":null}},"15":{"start":{"line":18,"column":15},"end":{"line":18,"column":null}},"16":{"start":{"line":19,"column":13},"end":{"line":19,"column":null}},"17":{"start":{"line":20,"column":2},"end":{"line":20,"column":null}}},"fnMap":{"0":{"name":"(anonymous_0)","decl":{"start":{"line":1,"column":26},"end":{"line":1,"column":27}},"loc":{"start":{"line":1,"column":53},"end":{"line":7,"column":null}},"line":1},"1":{"name":"(anonymous_1)","decl":{"start":{"line":9,"column":30},"end":{"line":9,"column":31}},"loc":{"start":{"line":9,"column":60},"end":{"line":14,"column":null}},"line":9},"2":{"name":"(anonymous_2)","decl":{"start":{"line":16,"column":36},"end":{"line":16,"column":37}},"loc":{"start":{"line":16,"column":65},"end":{"line":21,"column":null}},"line":16}},"branchMap":{"0":{"loc":{"start":{"line":2,"column":2},"end":{"line":2,"column":null}},"type":"if","locations":[{"start":{"line":2,"column":2},"end":{"line":2,"column":null}},{"start":{},"end":{}}],"line":2},"1":{"loc":{"start":{"line":10,"column":2},"end":{"line":10,"column":null}},"type":"if","locations":[{"start":{"line":10,"column":2},"end":{"line":10,"column":null}},{"start":{},"end":{}}],"line":10}},"s":{"0":1,"1":8,"2":1,"3":7,"4":7,"5":7,"6":7,"7":1,"8":8,"9":2,"10":6,"11":6,"12":6,"13":1,"14":3,"15":3,"16":3,"17":3},"f":{"0":8,"1":8,"2":3},"b":{"0":[1,7],"1":[2,6]},"meta":{"lastBranch":2,"lastFunction":3,"lastStatement":18,"seen":{"s:1:26:7:Infinity":0,"f:1:26:1:27":0,"b:2:2:2:Infinity:undefined:undefined:undefined:undefined":0,"s:2:2:2:Infinity":1,"s:2:19:2:Infinity":2,"s:3:12:3:Infinity":3,"s:4:16:4:Infinity":4,"s:5:12:5:Infinity":5,"s:6:2:6:Infinity":6,"s:9:30:14:Infinity":7,"f:9:30:9:31":1,"b:10:2:10:Infinity:undefined:undefined:undefined:undefined":1,"s:10:2:10:Infinity":8,"s:10:16:10:Infinity":9,"s:11:15:11:Infinity":10,"s:12:15:12:Infinity":11,"s:13:2:13:Infinity":12,"s:16:36:21:Infinity":13,"f:16:36:16:37":2,"s:17:15:17:Infinity":14,"s:18:15:18:Infinity":15,"s:19:13:19:Infinity":16,"s:20:2:20:Infinity":17}}}
}
